<?xml version="1.0" encoding="UTF-8"?>
<testng-results ignored="0" total="1" passed="1" failed="0" skipped="0">
  <reporter-output>
  </reporter-output>
  <suite started-at="2024-02-02T21:52:52 WIB" name="All Test Suite" finished-at="2024-02-02T21:53:51 WIB" duration-ms="59450">
    <groups>
      <group name="cucumber">
        <method signature="AbstractTestNGCucumberTests.runScenario(io.cucumber.testng.PickleWrapper,io.cucumber.testng.FeatureWrapper)[pri:0, instance:runners.testRunner@443118b0]" name="runScenario" class="io.cucumber.testng.AbstractTestNGCucumberTests"/>
      </group> <!-- cucumber -->
    </groups>
    <test started-at="2024-02-02T21:52:52 WIB" name="SYNRGY Academy - Kaboor App" finished-at="2024-02-02T21:53:51 WIB" duration-ms="59450">
      <class name="runners.testRunner">
        <test-method is-config="true" signature="setUpClass(org.testng.ITestContext)[pri:0, instance:runners.testRunner@443118b0]" started-at="2024-02-02T21:52:52 WIB" name="setUpClass" finished-at="2024-02-02T21:52:52 WIB" duration-ms="576" status="PASS">
          <params>
            <param index="0">
              <value>
                <![CDATA[org.testng.TestRunner@55f616cf]]>
              </value>
            </param>
          </params>
          <reporter-output>
          </reporter-output>
        </test-method> <!-- setUpClass -->
        <test-method is-config="true" signature="setupDriver()[pri:0, instance:runners.testRunner@443118b0]" started-at="2024-02-02T21:52:52 WIB" name="setupDriver" finished-at="2024-02-02T21:53:03 WIB" duration-ms="10717" status="PASS">
          <reporter-output>
          </reporter-output>
        </test-method> <!-- setupDriver -->
        <test-method signature="runScenario(io.cucumber.testng.PickleWrapper,io.cucumber.testng.FeatureWrapper)[pri:0, instance:runners.testRunner@443118b0]" started-at="2024-02-02T21:53:03 WIB" name="runScenario" description="Runs Cucumber Scenarios" data-provider="scenarios" finished-at="2024-02-02T21:53:51 WIB" duration-ms="48072" status="PASS">
          <params>
            <param index="0">
              <value>
                <![CDATA["As a user, I should be able to log in using the correct registered data as well as log out in the Kaboor app"]]>
              </value>
            </param>
            <param index="1">
              <value>
                <![CDATA["Login User"]]>
              </value>
            </param>
          </params>
          <reporter-output>
          </reporter-output>
        </test-method> <!-- runScenario -->
        <test-method is-config="true" signature="tearDownDriver()[pri:0, instance:runners.testRunner@443118b0]" started-at="2024-02-02T21:53:51 WIB" name="tearDownDriver" finished-at="2024-02-02T21:53:51 WIB" duration-ms="0" status="PASS">
          <reporter-output>
          </reporter-output>
        </test-method> <!-- tearDownDriver -->
        <test-method is-config="true" signature="tearDownClass()[pri:0, instance:runners.testRunner@443118b0]" started-at="2024-02-02T21:53:51 WIB" name="tearDownClass" finished-at="2024-02-02T21:53:51 WIB" duration-ms="51" status="PASS">
          <reporter-output>
          </reporter-output>
        </test-method> <!-- tearDownClass -->
      </class> <!-- runners.testRunner -->
    </test> <!-- SYNRGY Academy - Kaboor App -->
  </suite> <!-- All Test Suite -->
</testng-results>
