<?xml version="1.0" encoding="UTF-8"?>
<!-- Generated by org.testng.reporters.JUnitXMLReporter -->
<testsuite ignored="0" hostname="shidqiadiatma" failures="1" tests="1" name="regression test - secondhand binar" time="88.229" errors="0" timestamp="2024-02-01T15:30:41 WIB">
  <testcase classname="io.cucumber.testng.AbstractTestNGCucumberTests" name="runScenario" time="65.909">
    <failure type="java.lang.AssertionError" message="expected [Anda belum login] but found [Bali]">
      <![CDATA[java.lang.AssertionError: expected [Anda belum login] but found [Bali]
at helpers.keyword.verifyWordingOnElement(keyword.java:57)
at pages.AkunPage.verifyAkunPageComponentExistBeforeLogin(AkunPage.java:38)
at steps.loginLogoutStep.logoutSuccessfully(loginLogoutStep.java:62)
at ✽.user logout successfully(file:///C:/Users/adiat/IdeaProjects/Kaboor_Appium_Automation/src/test/java/features/loginLogoutUser.feature:14)
... Removed 6 stack frames]]>
    </failure>
  </testcase> <!-- runScenario -->
</testsuite> <!-- regression test - secondhand binar -->
